2025-06-23 11:49:15.426 INFO [common.LoggingManager initialize] Logging system initialized
2025-06-23 11:49:15.480 INFO [client.ClientUI main] Starting Secure File Transfer Client application
2025-06-23 11:49:16.322 INFO [client.ClientUI lambda$main$20] Client UI initialized and displayed
2025-06-23 11:49:25.600 INFO [client.Client connect] Connected to server: localhost:9999
2025-06-23 11:49:25.601 INFO [common.LoggingManager logSecurity] [SECURITY] Established socket connection to localhost:9999
2025-06-23 11:49:25.601 INFO [common.LoggingManager logSecurity] [SECURITY] Creating user object with credentials for: Pramitha
2025-06-23 11:49:25.913 INFO [common.LoggingManager logSecurity] [SECURITY] Loading transfer history for user: Pramitha
2025-06-23 11:49:25.922 INFO [client.TransferHistory loadHistory] Loaded 1 transfer records from data/Pramitha_transfer_history.dat
2025-06-23 11:49:25.930 INFO [common.LoggingManager logTransfer] [TRANSFER:5a11da13-6931-4939-8172-7b1d673de1cd] Loaded transfer record: File: architecture.pdf, Status: COMPLETED, From: Pramitha, To: Jayasooriya
2025-06-23 11:49:25.931 INFO [common.LoggingManager logSecurity] [SECURITY] Sending authentication request to server
2025-06-23 11:49:25.945 INFO [client.Client login] Logged in as: Pramitha
2025-06-23 11:49:25.945 INFO [common.LoggingManager logSecurity] [SECURITY] Authentication successful for user: Pramitha
2025-06-23 11:49:25.947 INFO [client.TransferHistory loadHistory] Loaded 1 transfer records from data/Pramitha_transfer_history.dat
2025-06-23 11:49:25.947 INFO [common.LoggingManager logTransfer] [TRANSFER:5a11da13-6931-4939-8172-7b1d673de1cd] Loaded transfer record: File: architecture.pdf, Status: COMPLETED, From: Pramitha, To: Jayasooriya
2025-06-23 11:49:56.755 INFO [common.LoggingManager logSecurity] [SECURITY] Initiating secure disconnect from server
2025-06-23 11:49:56.757 INFO [client.Client disconnect] Socket closed successfully
2025-06-23 11:49:56.758 WARNING [client.Client processServerMessages] Error processing server messages
java.net.SocketException: Socket closed
	at java.base/java.net.SocketInputStream.socketRead0(Native Method)
	at java.base/java.net.SocketInputStream.socketRead(SocketInputStream.java:115)
	at java.base/java.net.SocketInputStream.read(SocketInputStream.java:168)
	at java.base/java.net.SocketInputStream.read(SocketInputStream.java:140)
	at java.base/java.net.SocketInputStream.read(SocketInputStream.java:200)
	at java.base/java.io.ObjectInputStream$PeekInputStream.peek(ObjectInputStream.java:2871)
	at java.base/java.io.ObjectInputStream$BlockDataInputStream.peek(ObjectInputStream.java:3198)
	at java.base/java.io.ObjectInputStream$BlockDataInputStream.peekByte(ObjectInputStream.java:3208)
	at java.base/java.io.ObjectInputStream.readObject0(ObjectInputStream.java:1638)
	at java.base/java.io.ObjectInputStream.readObject(ObjectInputStream.java:489)
	at java.base/java.io.ObjectInputStream.readObject(ObjectInputStream.java:447)
	at client.Client.processServerMessages(Client.java:457)
	at java.base/java.lang.Thread.run(Thread.java:829)

2025-06-23 11:49:56.758 INFO [common.LoggingManager logSecurity] [SECURITY] Disconnect complete, transfer thread pool shutdown
